2017-06-21 09:51:39,135 - Log4JLogChute initialized using file 'velocity.log'
2017-06-21 09:51:39,135 - Initializing Velocity, Calling init()...
2017-06-21 09:51:39,135 - Starting Apache Velocity v1.7 (compiled: 2010-11-19 12:14:37)
2017-06-21 09:51:39,135 - Default Properties File: org\apache\velocity\runtime\defaults\velocity.properties
2017-06-21 09:51:39,135 - Trying to use logger class org.apache.velocity.runtime.log.AvalonLogChute
2017-06-21 09:51:39,135 - Target log system for org.apache.velocity.runtime.log.AvalonLogChute is not available (java.lang.NoClassDefFoundError: org/apache/log/format/Formatter).  Falling back to next log system...
2017-06-21 09:51:39,135 - Trying to use logger class org.apache.velocity.runtime.log.Log4JLogChute
2017-06-21 09:51:39,135 - Using logger class org.apache.velocity.runtime.log.Log4JLogChute
2017-06-21 09:51:39,139 - ResourceLoader instantiated: org.apache.velocity.runtime.resource.loader.FileResourceLoader
2017-06-21 09:51:39,140 - Do unicode file recognition:  false
2017-06-21 09:51:39,140 - FileResourceLoader : adding path 'C:/Users/Administrator/Desktop/zheng-master/oil/oil-common/target/classes/template/'
2017-06-21 09:51:39,148 - ResourceCache: initialized (class org.apache.velocity.runtime.resource.ResourceCacheImpl) with class java.util.Collections$SynchronizedMap cache map.
2017-06-21 09:51:39,149 - Loaded System Directive: org.apache.velocity.runtime.directive.Stop
2017-06-21 09:51:39,150 - Loaded System Directive: org.apache.velocity.runtime.directive.Define
2017-06-21 09:51:39,150 - Loaded System Directive: org.apache.velocity.runtime.directive.Break
2017-06-21 09:51:39,151 - Loaded System Directive: org.apache.velocity.runtime.directive.Evaluate
2017-06-21 09:51:39,152 - Loaded System Directive: org.apache.velocity.runtime.directive.Literal
2017-06-21 09:51:39,153 - Loaded System Directive: org.apache.velocity.runtime.directive.Macro
2017-06-21 09:51:39,154 - Loaded System Directive: org.apache.velocity.runtime.directive.Parse
2017-06-21 09:51:39,155 - Loaded System Directive: org.apache.velocity.runtime.directive.Include
2017-06-21 09:51:39,156 - Loaded System Directive: org.apache.velocity.runtime.directive.Foreach
2017-06-21 09:51:39,186 - Created '20' parsers.
2017-06-21 09:51:39,191 - Velocimacro : "velocimacro.library" is not set.  Trying default library: VM_global_library.vm
2017-06-21 09:51:39,191 - Velocimacro : Default library not found.
2017-06-21 09:51:39,191 - Velocimacro : allowInline = true : VMs can be defined inline in templates
2017-06-21 09:51:39,192 - Velocimacro : allowInlineToOverride = false : VMs defined inline may NOT replace previous VM definitions
2017-06-21 09:51:39,192 - Velocimacro : allowInlineLocal = false : VMs defined inline will be global in scope if allowed.
2017-06-21 09:51:39,192 - Velocimacro : autoload off : VM system will not automatically reload global library macros
2017-06-21 09:51:39,203 - ResourceManager : found generatorConfig.vm with loader org.apache.velocity.runtime.resource.loader.FileResourceLoader
2017-06-21 09:51:39,206 - Null reference [template 'generatorConfig.vm', line 49, column 38] : ${generator.jdbc.driver} cannot be resolved.
2017-06-21 09:51:39,206 - Null reference [template 'generatorConfig.vm', line 50, column 40] : ${generator.jdbc.url} cannot be resolved.
2017-06-21 09:51:39,206 - Null reference [template 'generatorConfig.vm', line 51, column 33] : ${generator.jdbc.username} cannot be resolved.
2017-06-21 09:51:39,338 - ResourceManager : found Service.vm with loader org.apache.velocity.runtime.resource.loader.FileResourceLoader
2017-06-21 09:52:53,037 - Log4JLogChute initialized using file 'velocity.log'
2017-06-21 09:52:53,037 - Initializing Velocity, Calling init()...
2017-06-21 09:52:53,038 - Starting Apache Velocity v1.7 (compiled: 2010-11-19 12:14:37)
2017-06-21 09:52:53,038 - Default Properties File: org\apache\velocity\runtime\defaults\velocity.properties
2017-06-21 09:52:53,038 - Trying to use logger class org.apache.velocity.runtime.log.AvalonLogChute
2017-06-21 09:52:53,038 - Target log system for org.apache.velocity.runtime.log.AvalonLogChute is not available (java.lang.NoClassDefFoundError: org/apache/log/format/Formatter).  Falling back to next log system...
2017-06-21 09:52:53,038 - Trying to use logger class org.apache.velocity.runtime.log.Log4JLogChute
2017-06-21 09:52:53,038 - Using logger class org.apache.velocity.runtime.log.Log4JLogChute
2017-06-21 09:52:53,044 - ResourceLoader instantiated: org.apache.velocity.runtime.resource.loader.FileResourceLoader
2017-06-21 09:52:53,046 - Do unicode file recognition:  false
2017-06-21 09:52:53,046 - FileResourceLoader : adding path 'C:/Users/Administrator/Desktop/zheng-master/oil/oil-common/target/classes/template/'
2017-06-21 09:52:53,055 - ResourceCache: initialized (class org.apache.velocity.runtime.resource.ResourceCacheImpl) with class java.util.Collections$SynchronizedMap cache map.
2017-06-21 09:52:53,073 - Loaded System Directive: org.apache.velocity.runtime.directive.Stop
2017-06-21 09:52:53,074 - Loaded System Directive: org.apache.velocity.runtime.directive.Define
2017-06-21 09:52:53,075 - Loaded System Directive: org.apache.velocity.runtime.directive.Break
2017-06-21 09:52:53,077 - Loaded System Directive: org.apache.velocity.runtime.directive.Evaluate
2017-06-21 09:52:53,077 - Loaded System Directive: org.apache.velocity.runtime.directive.Literal
2017-06-21 09:52:53,079 - Loaded System Directive: org.apache.velocity.runtime.directive.Macro
2017-06-21 09:52:53,081 - Loaded System Directive: org.apache.velocity.runtime.directive.Parse
2017-06-21 09:52:53,083 - Loaded System Directive: org.apache.velocity.runtime.directive.Include
2017-06-21 09:52:53,084 - Loaded System Directive: org.apache.velocity.runtime.directive.Foreach
2017-06-21 09:52:53,128 - Created '20' parsers.
2017-06-21 09:52:53,134 - Velocimacro : "velocimacro.library" is not set.  Trying default library: VM_global_library.vm
2017-06-21 09:52:53,135 - Velocimacro : Default library not found.
2017-06-21 09:52:53,135 - Velocimacro : allowInline = true : VMs can be defined inline in templates
2017-06-21 09:52:53,135 - Velocimacro : allowInlineToOverride = false : VMs defined inline may NOT replace previous VM definitions
2017-06-21 09:52:53,135 - Velocimacro : allowInlineLocal = false : VMs defined inline will be global in scope if allowed.
2017-06-21 09:52:53,135 - Velocimacro : autoload off : VM system will not automatically reload global library macros
2017-06-21 09:52:53,150 - ResourceManager : found generatorConfig.vm with loader org.apache.velocity.runtime.resource.loader.FileResourceLoader
2017-06-21 09:52:53,153 - Null reference [template 'generatorConfig.vm', line 49, column 38] : ${generator.jdbc.driver} cannot be resolved.
2017-06-21 09:52:53,153 - Null reference [template 'generatorConfig.vm', line 50, column 40] : ${generator.jdbc.url} cannot be resolved.
2017-06-21 09:52:53,153 - Null reference [template 'generatorConfig.vm', line 51, column 33] : ${generator.jdbc.username} cannot be resolved.
2017-06-21 09:52:53,305 - ResourceManager : found Service.vm with loader org.apache.velocity.runtime.resource.loader.FileResourceLoader
2017-06-21 09:52:53,310 - ResourceManager : found ServiceMock.vm with loader org.apache.velocity.runtime.resource.loader.FileResourceLoader
2017-06-21 09:52:53,315 - ResourceManager : found ServiceImpl.vm with loader org.apache.velocity.runtime.resource.loader.FileResourceLoader
2017-06-21 09:53:48,108 - Log4JLogChute initialized using file 'velocity.log'
2017-06-21 09:53:48,109 - Initializing Velocity, Calling init()...
2017-06-21 09:53:48,109 - Starting Apache Velocity v1.7 (compiled: 2010-11-19 12:14:37)
2017-06-21 09:53:48,109 - Default Properties File: org\apache\velocity\runtime\defaults\velocity.properties
2017-06-21 09:53:48,109 - Trying to use logger class org.apache.velocity.runtime.log.AvalonLogChute
2017-06-21 09:53:48,109 - Target log system for org.apache.velocity.runtime.log.AvalonLogChute is not available (java.lang.NoClassDefFoundError: org/apache/log/format/Formatter).  Falling back to next log system...
2017-06-21 09:53:48,109 - Trying to use logger class org.apache.velocity.runtime.log.Log4JLogChute
2017-06-21 09:53:48,109 - Using logger class org.apache.velocity.runtime.log.Log4JLogChute
2017-06-21 09:53:48,113 - ResourceLoader instantiated: org.apache.velocity.runtime.resource.loader.FileResourceLoader
2017-06-21 09:53:48,115 - Do unicode file recognition:  false
2017-06-21 09:53:48,115 - FileResourceLoader : adding path 'C:/Users/Administrator/Desktop/zheng-master/oil/oil-common/target/classes/template/'
2017-06-21 09:53:48,123 - ResourceCache: initialized (class org.apache.velocity.runtime.resource.ResourceCacheImpl) with class java.util.Collections$SynchronizedMap cache map.
2017-06-21 09:53:48,125 - Loaded System Directive: org.apache.velocity.runtime.directive.Stop
2017-06-21 09:53:48,128 - Loaded System Directive: org.apache.velocity.runtime.directive.Define
2017-06-21 09:53:48,129 - Loaded System Directive: org.apache.velocity.runtime.directive.Break
2017-06-21 09:53:48,144 - Loaded System Directive: org.apache.velocity.runtime.directive.Evaluate
2017-06-21 09:53:48,144 - Loaded System Directive: org.apache.velocity.runtime.directive.Literal
2017-06-21 09:53:48,146 - Loaded System Directive: org.apache.velocity.runtime.directive.Macro
2017-06-21 09:53:48,148 - Loaded System Directive: org.apache.velocity.runtime.directive.Parse
2017-06-21 09:53:48,150 - Loaded System Directive: org.apache.velocity.runtime.directive.Include
2017-06-21 09:53:48,151 - Loaded System Directive: org.apache.velocity.runtime.directive.Foreach
2017-06-21 09:53:48,323 - Created '20' parsers.
2017-06-21 09:53:48,331 - Velocimacro : "velocimacro.library" is not set.  Trying default library: VM_global_library.vm
2017-06-21 09:53:48,331 - Velocimacro : Default library not found.
2017-06-21 09:53:48,331 - Velocimacro : allowInline = true : VMs can be defined inline in templates
2017-06-21 09:53:48,331 - Velocimacro : allowInlineToOverride = false : VMs defined inline may NOT replace previous VM definitions
2017-06-21 09:53:48,331 - Velocimacro : allowInlineLocal = false : VMs defined inline will be global in scope if allowed.
2017-06-21 09:53:48,331 - Velocimacro : autoload off : VM system will not automatically reload global library macros
2017-06-21 09:53:48,348 - ResourceManager : found generatorConfig.vm with loader org.apache.velocity.runtime.resource.loader.FileResourceLoader
2017-06-21 09:53:48,352 - Null reference [template 'generatorConfig.vm', line 49, column 38] : ${generator.jdbc.driver} cannot be resolved.
2017-06-21 09:53:48,352 - Null reference [template 'generatorConfig.vm', line 50, column 40] : ${generator.jdbc.url} cannot be resolved.
2017-06-21 09:53:48,352 - Null reference [template 'generatorConfig.vm', line 51, column 33] : ${generator.jdbc.username} cannot be resolved.
2017-06-21 09:53:48,454 - ResourceManager : found ServiceImpl.vm with loader org.apache.velocity.runtime.resource.loader.FileResourceLoader
2017-06-21 09:54:17,756 - Log4JLogChute initialized using file 'velocity.log'
2017-06-21 09:54:17,756 - Initializing Velocity, Calling init()...
2017-06-21 09:54:17,756 - Starting Apache Velocity v1.7 (compiled: 2010-11-19 12:14:37)
2017-06-21 09:54:17,757 - Default Properties File: org\apache\velocity\runtime\defaults\velocity.properties
2017-06-21 09:54:17,757 - Trying to use logger class org.apache.velocity.runtime.log.AvalonLogChute
2017-06-21 09:54:17,757 - Target log system for org.apache.velocity.runtime.log.AvalonLogChute is not available (java.lang.NoClassDefFoundError: org/apache/log/format/Formatter).  Falling back to next log system...
2017-06-21 09:54:17,757 - Trying to use logger class org.apache.velocity.runtime.log.Log4JLogChute
2017-06-21 09:54:17,757 - Using logger class org.apache.velocity.runtime.log.Log4JLogChute
2017-06-21 09:54:17,763 - ResourceLoader instantiated: org.apache.velocity.runtime.resource.loader.FileResourceLoader
2017-06-21 09:54:17,764 - Do unicode file recognition:  false
2017-06-21 09:54:17,764 - FileResourceLoader : adding path 'C:/Users/Administrator/Desktop/zheng-master/oil/oil-common/target/classes/template/'
2017-06-21 09:54:17,774 - ResourceCache: initialized (class org.apache.velocity.runtime.resource.ResourceCacheImpl) with class java.util.Collections$SynchronizedMap cache map.
2017-06-21 09:54:17,776 - Loaded System Directive: org.apache.velocity.runtime.directive.Stop
2017-06-21 09:54:17,778 - Loaded System Directive: org.apache.velocity.runtime.directive.Define
2017-06-21 09:54:17,779 - Loaded System Directive: org.apache.velocity.runtime.directive.Break
2017-06-21 09:54:17,780 - Loaded System Directive: org.apache.velocity.runtime.directive.Evaluate
2017-06-21 09:54:17,781 - Loaded System Directive: org.apache.velocity.runtime.directive.Literal
2017-06-21 09:54:17,783 - Loaded System Directive: org.apache.velocity.runtime.directive.Macro
2017-06-21 09:54:17,785 - Loaded System Directive: org.apache.velocity.runtime.directive.Parse
2017-06-21 09:54:17,786 - Loaded System Directive: org.apache.velocity.runtime.directive.Include
2017-06-21 09:54:17,787 - Loaded System Directive: org.apache.velocity.runtime.directive.Foreach
2017-06-21 09:54:17,831 - Created '20' parsers.
2017-06-21 09:54:17,836 - Velocimacro : "velocimacro.library" is not set.  Trying default library: VM_global_library.vm
2017-06-21 09:54:17,837 - Velocimacro : Default library not found.
2017-06-21 09:54:17,837 - Velocimacro : allowInline = true : VMs can be defined inline in templates
2017-06-21 09:54:17,837 - Velocimacro : allowInlineToOverride = false : VMs defined inline may NOT replace previous VM definitions
2017-06-21 09:54:17,837 - Velocimacro : allowInlineLocal = false : VMs defined inline will be global in scope if allowed.
2017-06-21 09:54:17,837 - Velocimacro : autoload off : VM system will not automatically reload global library macros
2017-06-21 09:54:17,857 - ResourceManager : found generatorConfig.vm with loader org.apache.velocity.runtime.resource.loader.FileResourceLoader
2017-06-21 09:54:17,860 - Null reference [template 'generatorConfig.vm', line 49, column 38] : ${generator.jdbc.driver} cannot be resolved.
2017-06-21 09:54:17,861 - Null reference [template 'generatorConfig.vm', line 50, column 40] : ${generator.jdbc.url} cannot be resolved.
2017-06-21 09:54:17,861 - Null reference [template 'generatorConfig.vm', line 51, column 33] : ${generator.jdbc.username} cannot be resolved.
2017-06-21 09:54:17,995 - ResourceManager : found ServiceImpl.vm with loader org.apache.velocity.runtime.resource.loader.FileResourceLoader
2017-06-21 09:55:49,843 - Log4JLogChute initialized using file 'velocity.log'
2017-06-21 09:55:49,844 - Initializing Velocity, Calling init()...
2017-06-21 09:55:49,844 - Starting Apache Velocity v1.7 (compiled: 2010-11-19 12:14:37)
2017-06-21 09:55:49,844 - Default Properties File: org\apache\velocity\runtime\defaults\velocity.properties
2017-06-21 09:55:49,844 - Trying to use logger class org.apache.velocity.runtime.log.AvalonLogChute
2017-06-21 09:55:49,844 - Target log system for org.apache.velocity.runtime.log.AvalonLogChute is not available (java.lang.NoClassDefFoundError: org/apache/log/format/Formatter).  Falling back to next log system...
2017-06-21 09:55:49,844 - Trying to use logger class org.apache.velocity.runtime.log.Log4JLogChute
2017-06-21 09:55:49,844 - Using logger class org.apache.velocity.runtime.log.Log4JLogChute
2017-06-21 09:55:49,850 - ResourceLoader instantiated: org.apache.velocity.runtime.resource.loader.FileResourceLoader
2017-06-21 09:55:49,852 - Do unicode file recognition:  false
2017-06-21 09:55:49,852 - FileResourceLoader : adding path 'C:/Users/Administrator/Desktop/zheng-master/oil/oil-common/target/classes/template/'
2017-06-21 09:55:49,864 - ResourceCache: initialized (class org.apache.velocity.runtime.resource.ResourceCacheImpl) with class java.util.Collections$SynchronizedMap cache map.
2017-06-21 09:55:49,890 - Loaded System Directive: org.apache.velocity.runtime.directive.Stop
2017-06-21 09:55:49,892 - Loaded System Directive: org.apache.velocity.runtime.directive.Define
2017-06-21 09:55:49,893 - Loaded System Directive: org.apache.velocity.runtime.directive.Break
2017-06-21 09:55:49,894 - Loaded System Directive: org.apache.velocity.runtime.directive.Evaluate
2017-06-21 09:55:49,895 - Loaded System Directive: org.apache.velocity.runtime.directive.Literal
2017-06-21 09:55:49,896 - Loaded System Directive: org.apache.velocity.runtime.directive.Macro
2017-06-21 09:55:49,899 - Loaded System Directive: org.apache.velocity.runtime.directive.Parse
2017-06-21 09:55:49,902 - Loaded System Directive: org.apache.velocity.runtime.directive.Include
2017-06-21 09:55:49,903 - Loaded System Directive: org.apache.velocity.runtime.directive.Foreach
2017-06-21 09:55:49,969 - Created '20' parsers.
2017-06-21 09:55:49,976 - Velocimacro : "velocimacro.library" is not set.  Trying default library: VM_global_library.vm
2017-06-21 09:55:49,976 - Velocimacro : Default library not found.
2017-06-21 09:55:49,976 - Velocimacro : allowInline = true : VMs can be defined inline in templates
2017-06-21 09:55:49,976 - Velocimacro : allowInlineToOverride = false : VMs defined inline may NOT replace previous VM definitions
2017-06-21 09:55:49,976 - Velocimacro : allowInlineLocal = false : VMs defined inline will be global in scope if allowed.
2017-06-21 09:55:49,977 - Velocimacro : autoload off : VM system will not automatically reload global library macros
2017-06-21 09:55:49,993 - ResourceManager : found generatorConfig.vm with loader org.apache.velocity.runtime.resource.loader.FileResourceLoader
2017-06-21 09:55:49,997 - Null reference [template 'generatorConfig.vm', line 49, column 38] : ${generator.jdbc.driver} cannot be resolved.
2017-06-21 09:55:49,997 - Null reference [template 'generatorConfig.vm', line 50, column 40] : ${generator.jdbc.url} cannot be resolved.
2017-06-21 09:55:49,997 - Null reference [template 'generatorConfig.vm', line 51, column 33] : ${generator.jdbc.username} cannot be resolved.
2017-06-21 09:55:50,130 - ResourceManager : found ServiceImpl.vm with loader org.apache.velocity.runtime.resource.loader.FileResourceLoader
2017-06-21 09:57:12,536 - Log4JLogChute initialized using file 'velocity.log'
2017-06-21 09:57:12,536 - Initializing Velocity, Calling init()...
2017-06-21 09:57:12,536 - Starting Apache Velocity v1.7 (compiled: 2010-11-19 12:14:37)
2017-06-21 09:57:12,536 - Default Properties File: org\apache\velocity\runtime\defaults\velocity.properties
2017-06-21 09:57:12,536 - Trying to use logger class org.apache.velocity.runtime.log.AvalonLogChute
2017-06-21 09:57:12,536 - Target log system for org.apache.velocity.runtime.log.AvalonLogChute is not available (java.lang.NoClassDefFoundError: org/apache/log/format/Formatter).  Falling back to next log system...
2017-06-21 09:57:12,536 - Trying to use logger class org.apache.velocity.runtime.log.Log4JLogChute
2017-06-21 09:57:12,536 - Using logger class org.apache.velocity.runtime.log.Log4JLogChute
2017-06-21 09:57:12,543 - ResourceLoader instantiated: org.apache.velocity.runtime.resource.loader.FileResourceLoader
2017-06-21 09:57:12,544 - Do unicode file recognition:  false
2017-06-21 09:57:12,544 - FileResourceLoader : adding path 'C:/Users/Administrator/Desktop/zheng-master/oil/oil-common/target/classes/template/'
2017-06-21 09:57:12,553 - ResourceCache: initialized (class org.apache.velocity.runtime.resource.ResourceCacheImpl) with class java.util.Collections$SynchronizedMap cache map.
2017-06-21 09:57:12,566 - Loaded System Directive: org.apache.velocity.runtime.directive.Stop
2017-06-21 09:57:12,570 - Loaded System Directive: org.apache.velocity.runtime.directive.Define
2017-06-21 09:57:12,571 - Loaded System Directive: org.apache.velocity.runtime.directive.Break
2017-06-21 09:57:12,572 - Loaded System Directive: org.apache.velocity.runtime.directive.Evaluate
2017-06-21 09:57:12,573 - Loaded System Directive: org.apache.velocity.runtime.directive.Literal
2017-06-21 09:57:12,575 - Loaded System Directive: org.apache.velocity.runtime.directive.Macro
2017-06-21 09:57:12,576 - Loaded System Directive: org.apache.velocity.runtime.directive.Parse
2017-06-21 09:57:12,578 - Loaded System Directive: org.apache.velocity.runtime.directive.Include
2017-06-21 09:57:12,579 - Loaded System Directive: org.apache.velocity.runtime.directive.Foreach
2017-06-21 09:57:12,673 - Created '20' parsers.
2017-06-21 09:57:12,678 - Velocimacro : "velocimacro.library" is not set.  Trying default library: VM_global_library.vm
2017-06-21 09:57:12,679 - Velocimacro : Default library not found.
2017-06-21 09:57:12,679 - Velocimacro : allowInline = true : VMs can be defined inline in templates
2017-06-21 09:57:12,679 - Velocimacro : allowInlineToOverride = false : VMs defined inline may NOT replace previous VM definitions
2017-06-21 09:57:12,679 - Velocimacro : allowInlineLocal = false : VMs defined inline will be global in scope if allowed.
2017-06-21 09:57:12,679 - Velocimacro : autoload off : VM system will not automatically reload global library macros
2017-06-21 09:57:12,693 - ResourceManager : found generatorConfig.vm with loader org.apache.velocity.runtime.resource.loader.FileResourceLoader
2017-06-21 09:57:12,697 - Null reference [template 'generatorConfig.vm', line 49, column 38] : ${generator.jdbc.driver} cannot be resolved.
2017-06-21 09:57:12,697 - Null reference [template 'generatorConfig.vm', line 50, column 40] : ${generator.jdbc.url} cannot be resolved.
2017-06-21 09:57:12,697 - Null reference [template 'generatorConfig.vm', line 51, column 33] : ${generator.jdbc.username} cannot be resolved.
2017-06-21 09:57:12,842 - ResourceManager : found ServiceImpl.vm with loader org.apache.velocity.runtime.resource.loader.FileResourceLoader
2017-06-21 09:57:12,846 - ResourceManager : found Service.vm with loader org.apache.velocity.runtime.resource.loader.FileResourceLoader
2017-06-21 09:57:12,851 - ResourceManager : found ServiceMock.vm with loader org.apache.velocity.runtime.resource.loader.FileResourceLoader
2017-06-21 09:57:12,856 - ResourceManager : found ServiceImpl.vm with loader org.apache.velocity.runtime.resource.loader.FileResourceLoader
2017-06-21 09:58:39,516 - Log4JLogChute initialized using file 'velocity.log'
2017-06-21 09:58:39,516 - Initializing Velocity, Calling init()...
2017-06-21 09:58:39,516 - Starting Apache Velocity v1.7 (compiled: 2010-11-19 12:14:37)
2017-06-21 09:58:39,516 - Default Properties File: org\apache\velocity\runtime\defaults\velocity.properties
2017-06-21 09:58:39,516 - Trying to use logger class org.apache.velocity.runtime.log.AvalonLogChute
2017-06-21 09:58:39,516 - Target log system for org.apache.velocity.runtime.log.AvalonLogChute is not available (java.lang.NoClassDefFoundError: org/apache/log/format/Formatter).  Falling back to next log system...
2017-06-21 09:58:39,516 - Trying to use logger class org.apache.velocity.runtime.log.Log4JLogChute
2017-06-21 09:58:39,516 - Using logger class org.apache.velocity.runtime.log.Log4JLogChute
2017-06-21 09:58:39,520 - ResourceLoader instantiated: org.apache.velocity.runtime.resource.loader.FileResourceLoader
2017-06-21 09:58:39,521 - Do unicode file recognition:  false
2017-06-21 09:58:39,521 - FileResourceLoader : adding path 'C:/Users/Administrator/Desktop/zheng-master/oil/oil-common/target/classes/template/'
2017-06-21 09:58:39,527 - ResourceCache: initialized (class org.apache.velocity.runtime.resource.ResourceCacheImpl) with class java.util.Collections$SynchronizedMap cache map.
2017-06-21 09:58:39,528 - Loaded System Directive: org.apache.velocity.runtime.directive.Stop
2017-06-21 09:58:39,529 - Loaded System Directive: org.apache.velocity.runtime.directive.Define
2017-06-21 09:58:39,530 - Loaded System Directive: org.apache.velocity.runtime.directive.Break
2017-06-21 09:58:39,530 - Loaded System Directive: org.apache.velocity.runtime.directive.Evaluate
2017-06-21 09:58:39,531 - Loaded System Directive: org.apache.velocity.runtime.directive.Literal
2017-06-21 09:58:39,532 - Loaded System Directive: org.apache.velocity.runtime.directive.Macro
2017-06-21 09:58:39,533 - Loaded System Directive: org.apache.velocity.runtime.directive.Parse
2017-06-21 09:58:39,534 - Loaded System Directive: org.apache.velocity.runtime.directive.Include
2017-06-21 09:58:39,535 - Loaded System Directive: org.apache.velocity.runtime.directive.Foreach
2017-06-21 09:58:39,556 - Created '20' parsers.
2017-06-21 09:58:39,562 - Velocimacro : "velocimacro.library" is not set.  Trying default library: VM_global_library.vm
2017-06-21 09:58:39,562 - Velocimacro : Default library not found.
2017-06-21 09:58:39,562 - Velocimacro : allowInline = true : VMs can be defined inline in templates
2017-06-21 09:58:39,562 - Velocimacro : allowInlineToOverride = false : VMs defined inline may NOT replace previous VM definitions
2017-06-21 09:58:39,562 - Velocimacro : allowInlineLocal = false : VMs defined inline will be global in scope if allowed.
2017-06-21 09:58:39,562 - Velocimacro : autoload off : VM system will not automatically reload global library macros
2017-06-21 09:58:39,575 - ResourceManager : found generatorConfig.vm with loader org.apache.velocity.runtime.resource.loader.FileResourceLoader
2017-06-21 09:58:39,578 - Null reference [template 'generatorConfig.vm', line 49, column 38] : ${generator.jdbc.driver} cannot be resolved.
2017-06-21 09:58:39,579 - Null reference [template 'generatorConfig.vm', line 50, column 40] : ${generator.jdbc.url} cannot be resolved.
2017-06-21 09:58:39,579 - Null reference [template 'generatorConfig.vm', line 51, column 33] : ${generator.jdbc.username} cannot be resolved.
2017-06-21 09:59:13,592 - Log4JLogChute initialized using file 'velocity.log'
2017-06-21 09:59:13,594 - Initializing Velocity, Calling init()...
2017-06-21 09:59:13,594 - Starting Apache Velocity v1.7 (compiled: 2010-11-19 12:14:37)
2017-06-21 09:59:13,594 - Default Properties File: org\apache\velocity\runtime\defaults\velocity.properties
2017-06-21 09:59:13,594 - Trying to use logger class org.apache.velocity.runtime.log.AvalonLogChute
2017-06-21 09:59:13,594 - Target log system for org.apache.velocity.runtime.log.AvalonLogChute is not available (java.lang.NoClassDefFoundError: org/apache/log/format/Formatter).  Falling back to next log system...
2017-06-21 09:59:13,594 - Trying to use logger class org.apache.velocity.runtime.log.Log4JLogChute
2017-06-21 09:59:13,594 - Using logger class org.apache.velocity.runtime.log.Log4JLogChute
2017-06-21 09:59:13,603 - ResourceLoader instantiated: org.apache.velocity.runtime.resource.loader.FileResourceLoader
2017-06-21 09:59:13,605 - Do unicode file recognition:  false
2017-06-21 09:59:13,605 - FileResourceLoader : adding path 'C:/Users/Administrator/Desktop/zheng-master/oil/oil-common/target/classes/template/'
2017-06-21 09:59:13,615 - ResourceCache: initialized (class org.apache.velocity.runtime.resource.ResourceCacheImpl) with class java.util.Collections$SynchronizedMap cache map.
2017-06-21 09:59:13,617 - Loaded System Directive: org.apache.velocity.runtime.directive.Stop
2017-06-21 09:59:13,618 - Loaded System Directive: org.apache.velocity.runtime.directive.Define
2017-06-21 09:59:13,619 - Loaded System Directive: org.apache.velocity.runtime.directive.Break
2017-06-21 09:59:13,620 - Loaded System Directive: org.apache.velocity.runtime.directive.Evaluate
2017-06-21 09:59:13,621 - Loaded System Directive: org.apache.velocity.runtime.directive.Literal
2017-06-21 09:59:13,623 - Loaded System Directive: org.apache.velocity.runtime.directive.Macro
2017-06-21 09:59:13,625 - Loaded System Directive: org.apache.velocity.runtime.directive.Parse
2017-06-21 09:59:13,627 - Loaded System Directive: org.apache.velocity.runtime.directive.Include
2017-06-21 09:59:13,628 - Loaded System Directive: org.apache.velocity.runtime.directive.Foreach
2017-06-21 09:59:13,678 - Created '20' parsers.
2017-06-21 09:59:13,691 - Velocimacro : "velocimacro.library" is not set.  Trying default library: VM_global_library.vm
2017-06-21 09:59:13,691 - Velocimacro : Default library not found.
2017-06-21 09:59:13,691 - Velocimacro : allowInline = true : VMs can be defined inline in templates
2017-06-21 09:59:13,691 - Velocimacro : allowInlineToOverride = false : VMs defined inline may NOT replace previous VM definitions
2017-06-21 09:59:13,691 - Velocimacro : allowInlineLocal = false : VMs defined inline will be global in scope if allowed.
2017-06-21 09:59:13,691 - Velocimacro : autoload off : VM system will not automatically reload global library macros
2017-06-21 09:59:13,715 - ResourceManager : found generatorConfig.vm with loader org.apache.velocity.runtime.resource.loader.FileResourceLoader
2017-06-21 09:59:13,720 - Null reference [template 'generatorConfig.vm', line 49, column 38] : ${generator.jdbc.driver} cannot be resolved.
2017-06-21 09:59:13,720 - Null reference [template 'generatorConfig.vm', line 50, column 40] : ${generator.jdbc.url} cannot be resolved.
2017-06-21 09:59:13,720 - Null reference [template 'generatorConfig.vm', line 51, column 33] : ${generator.jdbc.username} cannot be resolved.
2017-06-21 10:00:06,865 - Log4JLogChute initialized using file 'velocity.log'
2017-06-21 10:00:06,866 - Initializing Velocity, Calling init()...
2017-06-21 10:00:06,866 - Starting Apache Velocity v1.7 (compiled: 2010-11-19 12:14:37)
2017-06-21 10:00:06,866 - Default Properties File: org\apache\velocity\runtime\defaults\velocity.properties
2017-06-21 10:00:06,866 - Trying to use logger class org.apache.velocity.runtime.log.AvalonLogChute
2017-06-21 10:00:06,866 - Target log system for org.apache.velocity.runtime.log.AvalonLogChute is not available (java.lang.NoClassDefFoundError: org/apache/log/format/Formatter).  Falling back to next log system...
2017-06-21 10:00:06,866 - Trying to use logger class org.apache.velocity.runtime.log.Log4JLogChute
2017-06-21 10:00:06,866 - Using logger class org.apache.velocity.runtime.log.Log4JLogChute
2017-06-21 10:00:06,872 - ResourceLoader instantiated: org.apache.velocity.runtime.resource.loader.FileResourceLoader
2017-06-21 10:00:06,873 - Do unicode file recognition:  false
2017-06-21 10:00:06,873 - FileResourceLoader : adding path 'C:/Users/Administrator/Desktop/zheng-master/oil/oil-common/target/classes/template/'
2017-06-21 10:00:06,883 - ResourceCache: initialized (class org.apache.velocity.runtime.resource.ResourceCacheImpl) with class java.util.Collections$SynchronizedMap cache map.
2017-06-21 10:00:06,884 - Loaded System Directive: org.apache.velocity.runtime.directive.Stop
2017-06-21 10:00:06,886 - Loaded System Directive: org.apache.velocity.runtime.directive.Define
2017-06-21 10:00:06,890 - Loaded System Directive: org.apache.velocity.runtime.directive.Break
2017-06-21 10:00:06,892 - Loaded System Directive: org.apache.velocity.runtime.directive.Evaluate
2017-06-21 10:00:06,892 - Loaded System Directive: org.apache.velocity.runtime.directive.Literal
2017-06-21 10:00:06,894 - Loaded System Directive: org.apache.velocity.runtime.directive.Macro
2017-06-21 10:00:06,896 - Loaded System Directive: org.apache.velocity.runtime.directive.Parse
2017-06-21 10:00:06,898 - Loaded System Directive: org.apache.velocity.runtime.directive.Include
2017-06-21 10:00:06,899 - Loaded System Directive: org.apache.velocity.runtime.directive.Foreach
2017-06-21 10:00:06,937 - Created '20' parsers.
2017-06-21 10:00:06,946 - Velocimacro : "velocimacro.library" is not set.  Trying default library: VM_global_library.vm
2017-06-21 10:00:06,947 - Velocimacro : Default library not found.
2017-06-21 10:00:06,947 - Velocimacro : allowInline = true : VMs can be defined inline in templates
2017-06-21 10:00:06,947 - Velocimacro : allowInlineToOverride = false : VMs defined inline may NOT replace previous VM definitions
2017-06-21 10:00:06,947 - Velocimacro : allowInlineLocal = false : VMs defined inline will be global in scope if allowed.
2017-06-21 10:00:06,947 - Velocimacro : autoload off : VM system will not automatically reload global library macros
2017-06-21 10:00:06,969 - ResourceManager : found generatorConfig.vm with loader org.apache.velocity.runtime.resource.loader.FileResourceLoader
2017-06-21 10:00:06,972 - Null reference [template 'generatorConfig.vm', line 49, column 38] : ${generator.jdbc.driver} cannot be resolved.
2017-06-21 10:00:06,973 - Null reference [template 'generatorConfig.vm', line 50, column 40] : ${generator.jdbc.url} cannot be resolved.
2017-06-21 10:00:06,973 - Null reference [template 'generatorConfig.vm', line 51, column 33] : ${generator.jdbc.username} cannot be resolved.
2017-06-21 10:00:23,644 - Log4JLogChute initialized using file 'velocity.log'
2017-06-21 10:00:23,645 - Initializing Velocity, Calling init()...
2017-06-21 10:00:23,645 - Starting Apache Velocity v1.7 (compiled: 2010-11-19 12:14:37)
2017-06-21 10:00:23,645 - Default Properties File: org\apache\velocity\runtime\defaults\velocity.properties
2017-06-21 10:00:23,645 - Trying to use logger class org.apache.velocity.runtime.log.AvalonLogChute
2017-06-21 10:00:23,645 - Target log system for org.apache.velocity.runtime.log.AvalonLogChute is not available (java.lang.NoClassDefFoundError: org/apache/log/format/Formatter).  Falling back to next log system...
2017-06-21 10:00:23,645 - Trying to use logger class org.apache.velocity.runtime.log.Log4JLogChute
2017-06-21 10:00:23,645 - Using logger class org.apache.velocity.runtime.log.Log4JLogChute
2017-06-21 10:00:23,651 - ResourceLoader instantiated: org.apache.velocity.runtime.resource.loader.FileResourceLoader
2017-06-21 10:00:23,652 - Do unicode file recognition:  false
2017-06-21 10:00:23,652 - FileResourceLoader : adding path 'C:/Users/Administrator/Desktop/zheng-master/oil/oil-common/target/classes/template/'
2017-06-21 10:00:23,664 - ResourceCache: initialized (class org.apache.velocity.runtime.resource.ResourceCacheImpl) with class java.util.Collections$SynchronizedMap cache map.
2017-06-21 10:00:23,666 - Loaded System Directive: org.apache.velocity.runtime.directive.Stop
2017-06-21 10:00:23,667 - Loaded System Directive: org.apache.velocity.runtime.directive.Define
2017-06-21 10:00:23,668 - Loaded System Directive: org.apache.velocity.runtime.directive.Break
2017-06-21 10:00:23,669 - Loaded System Directive: org.apache.velocity.runtime.directive.Evaluate
2017-06-21 10:00:23,670 - Loaded System Directive: org.apache.velocity.runtime.directive.Literal
2017-06-21 10:00:23,672 - Loaded System Directive: org.apache.velocity.runtime.directive.Macro
2017-06-21 10:00:23,675 - Loaded System Directive: org.apache.velocity.runtime.directive.Parse
2017-06-21 10:00:23,677 - Loaded System Directive: org.apache.velocity.runtime.directive.Include
2017-06-21 10:00:23,678 - Loaded System Directive: org.apache.velocity.runtime.directive.Foreach
2017-06-21 10:00:23,714 - Created '20' parsers.
2017-06-21 10:00:23,724 - Velocimacro : "velocimacro.library" is not set.  Trying default library: VM_global_library.vm
2017-06-21 10:00:23,724 - Velocimacro : Default library not found.
2017-06-21 10:00:23,724 - Velocimacro : allowInline = true : VMs can be defined inline in templates
2017-06-21 10:00:23,724 - Velocimacro : allowInlineToOverride = false : VMs defined inline may NOT replace previous VM definitions
2017-06-21 10:00:23,724 - Velocimacro : allowInlineLocal = false : VMs defined inline will be global in scope if allowed.
2017-06-21 10:00:23,724 - Velocimacro : autoload off : VM system will not automatically reload global library macros
2017-06-21 10:00:23,750 - ResourceManager : found generatorConfig.vm with loader org.apache.velocity.runtime.resource.loader.FileResourceLoader
2017-06-21 10:00:23,755 - Null reference [template 'generatorConfig.vm', line 49, column 38] : ${generator.jdbc.driver} cannot be resolved.
2017-06-21 10:00:23,755 - Null reference [template 'generatorConfig.vm', line 50, column 40] : ${generator.jdbc.url} cannot be resolved.
2017-06-21 10:00:23,755 - Null reference [template 'generatorConfig.vm', line 51, column 33] : ${generator.jdbc.username} cannot be resolved.
2017-06-21 10:03:22,990 - Log4JLogChute initialized using file 'velocity.log'
2017-06-21 10:03:22,990 - Initializing Velocity, Calling init()...
2017-06-21 10:03:22,990 - Starting Apache Velocity v1.7 (compiled: 2010-11-19 12:14:37)
2017-06-21 10:03:22,990 - Default Properties File: org\apache\velocity\runtime\defaults\velocity.properties
2017-06-21 10:03:22,990 - Trying to use logger class org.apache.velocity.runtime.log.AvalonLogChute
2017-06-21 10:03:22,990 - Target log system for org.apache.velocity.runtime.log.AvalonLogChute is not available (java.lang.NoClassDefFoundError: org/apache/log/format/Formatter).  Falling back to next log system...
2017-06-21 10:03:22,990 - Trying to use logger class org.apache.velocity.runtime.log.Log4JLogChute
2017-06-21 10:03:22,990 - Using logger class org.apache.velocity.runtime.log.Log4JLogChute
2017-06-21 10:03:22,996 - ResourceLoader instantiated: org.apache.velocity.runtime.resource.loader.FileResourceLoader
2017-06-21 10:03:22,997 - Do unicode file recognition:  false
2017-06-21 10:03:22,997 - FileResourceLoader : adding path 'C:/Users/Administrator/Desktop/zheng-master/oil/oil-common/target/classes/template/'
2017-06-21 10:03:23,005 - ResourceCache: initialized (class org.apache.velocity.runtime.resource.ResourceCacheImpl) with class java.util.Collections$SynchronizedMap cache map.
2017-06-21 10:03:23,020 - Loaded System Directive: org.apache.velocity.runtime.directive.Stop
2017-06-21 10:03:23,022 - Loaded System Directive: org.apache.velocity.runtime.directive.Define
2017-06-21 10:03:23,023 - Loaded System Directive: org.apache.velocity.runtime.directive.Break
2017-06-21 10:03:23,023 - Loaded System Directive: org.apache.velocity.runtime.directive.Evaluate
2017-06-21 10:03:23,024 - Loaded System Directive: org.apache.velocity.runtime.directive.Literal
2017-06-21 10:03:23,026 - Loaded System Directive: org.apache.velocity.runtime.directive.Macro
2017-06-21 10:03:23,027 - Loaded System Directive: org.apache.velocity.runtime.directive.Parse
2017-06-21 10:03:23,029 - Loaded System Directive: org.apache.velocity.runtime.directive.Include
2017-06-21 10:03:23,031 - Loaded System Directive: org.apache.velocity.runtime.directive.Foreach
2017-06-21 10:03:23,082 - Created '20' parsers.
2017-06-21 10:03:23,089 - Velocimacro : "velocimacro.library" is not set.  Trying default library: VM_global_library.vm
2017-06-21 10:03:23,089 - Velocimacro : Default library not found.
2017-06-21 10:03:23,089 - Velocimacro : allowInline = true : VMs can be defined inline in templates
2017-06-21 10:03:23,089 - Velocimacro : allowInlineToOverride = false : VMs defined inline may NOT replace previous VM definitions
2017-06-21 10:03:23,089 - Velocimacro : allowInlineLocal = false : VMs defined inline will be global in scope if allowed.
2017-06-21 10:03:23,089 - Velocimacro : autoload off : VM system will not automatically reload global library macros
2017-06-21 10:03:23,107 - ResourceManager : found generatorConfig.vm with loader org.apache.velocity.runtime.resource.loader.FileResourceLoader
2017-06-21 10:03:23,110 - Null reference [template 'generatorConfig.vm', line 49, column 38] : ${generator.jdbc.driver} cannot be resolved.
2017-06-21 10:03:23,110 - Null reference [template 'generatorConfig.vm', line 50, column 40] : ${generator.jdbc.url} cannot be resolved.
2017-06-21 10:03:23,111 - Null reference [template 'generatorConfig.vm', line 51, column 33] : ${generator.jdbc.username} cannot be resolved.
2017-06-21 10:08:41,689 - Log4JLogChute initialized using file 'velocity.log'
2017-06-21 10:08:41,690 - Initializing Velocity, Calling init()...
2017-06-21 10:08:41,690 - Starting Apache Velocity v1.7 (compiled: 2010-11-19 12:14:37)
2017-06-21 10:08:41,690 - Default Properties File: org\apache\velocity\runtime\defaults\velocity.properties
2017-06-21 10:08:41,690 - Trying to use logger class org.apache.velocity.runtime.log.AvalonLogChute
2017-06-21 10:08:41,690 - Target log system for org.apache.velocity.runtime.log.AvalonLogChute is not available (java.lang.NoClassDefFoundError: org/apache/log/format/Formatter).  Falling back to next log system...
2017-06-21 10:08:41,690 - Trying to use logger class org.apache.velocity.runtime.log.Log4JLogChute
2017-06-21 10:08:41,690 - Using logger class org.apache.velocity.runtime.log.Log4JLogChute
2017-06-21 10:08:41,698 - ResourceLoader instantiated: org.apache.velocity.runtime.resource.loader.FileResourceLoader
2017-06-21 10:08:41,700 - Do unicode file recognition:  false
2017-06-21 10:08:41,700 - FileResourceLoader : adding path 'C:/Users/Administrator/Desktop/zheng-master/oil/oil-common/target/classes/template/'
2017-06-21 10:08:41,711 - ResourceCache: initialized (class org.apache.velocity.runtime.resource.ResourceCacheImpl) with class java.util.Collections$SynchronizedMap cache map.
2017-06-21 10:08:41,713 - Loaded System Directive: org.apache.velocity.runtime.directive.Stop
2017-06-21 10:08:41,714 - Loaded System Directive: org.apache.velocity.runtime.directive.Define
2017-06-21 10:08:41,715 - Loaded System Directive: org.apache.velocity.runtime.directive.Break
2017-06-21 10:08:41,717 - Loaded System Directive: org.apache.velocity.runtime.directive.Evaluate
2017-06-21 10:08:41,717 - Loaded System Directive: org.apache.velocity.runtime.directive.Literal
2017-06-21 10:08:41,719 - Loaded System Directive: org.apache.velocity.runtime.directive.Macro
2017-06-21 10:08:41,722 - Loaded System Directive: org.apache.velocity.runtime.directive.Parse
2017-06-21 10:08:41,724 - Loaded System Directive: org.apache.velocity.runtime.directive.Include
2017-06-21 10:08:41,725 - Loaded System Directive: org.apache.velocity.runtime.directive.Foreach
2017-06-21 10:08:41,763 - Created '20' parsers.
2017-06-21 10:08:41,774 - Velocimacro : "velocimacro.library" is not set.  Trying default library: VM_global_library.vm
2017-06-21 10:08:41,774 - Velocimacro : Default library not found.
2017-06-21 10:08:41,774 - Velocimacro : allowInline = true : VMs can be defined inline in templates
2017-06-21 10:08:41,774 - Velocimacro : allowInlineToOverride = false : VMs defined inline may NOT replace previous VM definitions
2017-06-21 10:08:41,774 - Velocimacro : allowInlineLocal = false : VMs defined inline will be global in scope if allowed.
2017-06-21 10:08:41,774 - Velocimacro : autoload off : VM system will not automatically reload global library macros
2017-06-21 10:08:41,800 - ResourceManager : found generatorConfig.vm with loader org.apache.velocity.runtime.resource.loader.FileResourceLoader
2017-06-21 10:08:41,805 - Null reference [template 'generatorConfig.vm', line 49, column 38] : ${generator.jdbc.driver} cannot be resolved.
2017-06-21 10:08:41,805 - Null reference [template 'generatorConfig.vm', line 50, column 40] : ${generator.jdbc.url} cannot be resolved.
2017-06-21 10:08:41,805 - Null reference [template 'generatorConfig.vm', line 51, column 33] : ${generator.jdbc.username} cannot be resolved.
2017-06-22 09:13:46,736 - Log4JLogChute initialized using file 'velocity.log'
2017-06-22 09:13:46,737 - Initializing Velocity, Calling init()...
2017-06-22 09:13:46,737 - Starting Apache Velocity v1.7 (compiled: 2010-11-19 12:14:37)
2017-06-22 09:13:46,737 - Default Properties File: org\apache\velocity\runtime\defaults\velocity.properties
2017-06-22 09:13:46,737 - Trying to use logger class org.apache.velocity.runtime.log.AvalonLogChute
2017-06-22 09:13:46,737 - Target log system for org.apache.velocity.runtime.log.AvalonLogChute is not available (java.lang.NoClassDefFoundError: org/apache/log/format/Formatter).  Falling back to next log system...
2017-06-22 09:13:46,737 - Trying to use logger class org.apache.velocity.runtime.log.Log4JLogChute
2017-06-22 09:13:46,737 - Using logger class org.apache.velocity.runtime.log.Log4JLogChute
2017-06-22 09:13:46,741 - ResourceLoader instantiated: org.apache.velocity.runtime.resource.loader.FileResourceLoader
2017-06-22 09:13:46,742 - Do unicode file recognition:  false
2017-06-22 09:13:46,742 - FileResourceLoader : adding path 'C:/Users/Administrator/Desktop/zheng-master/oil/oil-common/target/classes/template/'
2017-06-22 09:13:46,750 - ResourceCache: initialized (class org.apache.velocity.runtime.resource.ResourceCacheImpl) with class java.util.Collections$SynchronizedMap cache map.
2017-06-22 09:13:46,751 - Loaded System Directive: org.apache.velocity.runtime.directive.Stop
2017-06-22 09:13:46,751 - Loaded System Directive: org.apache.velocity.runtime.directive.Define
2017-06-22 09:13:46,752 - Loaded System Directive: org.apache.velocity.runtime.directive.Break
2017-06-22 09:13:46,752 - Loaded System Directive: org.apache.velocity.runtime.directive.Evaluate
2017-06-22 09:13:46,753 - Loaded System Directive: org.apache.velocity.runtime.directive.Literal
2017-06-22 09:13:46,754 - Loaded System Directive: org.apache.velocity.runtime.directive.Macro
2017-06-22 09:13:46,756 - Loaded System Directive: org.apache.velocity.runtime.directive.Parse
2017-06-22 09:13:46,757 - Loaded System Directive: org.apache.velocity.runtime.directive.Include
2017-06-22 09:13:46,757 - Loaded System Directive: org.apache.velocity.runtime.directive.Foreach
2017-06-22 09:13:46,786 - Created '20' parsers.
2017-06-22 09:13:46,790 - Velocimacro : "velocimacro.library" is not set.  Trying default library: VM_global_library.vm
2017-06-22 09:13:46,790 - Velocimacro : Default library not found.
2017-06-22 09:13:46,790 - Velocimacro : allowInline = true : VMs can be defined inline in templates
2017-06-22 09:13:46,790 - Velocimacro : allowInlineToOverride = false : VMs defined inline may NOT replace previous VM definitions
2017-06-22 09:13:46,790 - Velocimacro : allowInlineLocal = false : VMs defined inline will be global in scope if allowed.
2017-06-22 09:13:46,791 - Velocimacro : autoload off : VM system will not automatically reload global library macros
2017-06-22 09:13:46,802 - ResourceManager : found generatorConfig.vm with loader org.apache.velocity.runtime.resource.loader.FileResourceLoader
2017-06-22 09:13:46,804 - Null reference [template 'generatorConfig.vm', line 49, column 38] : ${generator.jdbc.driver} cannot be resolved.
2017-06-22 09:13:46,804 - Null reference [template 'generatorConfig.vm', line 50, column 40] : ${generator.jdbc.url} cannot be resolved.
2017-06-22 09:13:46,804 - Null reference [template 'generatorConfig.vm', line 51, column 33] : ${generator.jdbc.username} cannot be resolved.
2017-06-22 14:10:06,424 - Log4JLogChute initialized using file 'velocity.log'
2017-06-22 14:10:06,425 - Initializing Velocity, Calling init()...
2017-06-22 14:10:06,425 - Starting Apache Velocity v1.7 (compiled: 2010-11-19 12:14:37)
2017-06-22 14:10:06,425 - Default Properties File: org\apache\velocity\runtime\defaults\velocity.properties
2017-06-22 14:10:06,425 - Trying to use logger class org.apache.velocity.runtime.log.AvalonLogChute
2017-06-22 14:10:06,425 - Target log system for org.apache.velocity.runtime.log.AvalonLogChute is not available (java.lang.NoClassDefFoundError: org/apache/log/format/Formatter).  Falling back to next log system...
2017-06-22 14:10:06,425 - Trying to use logger class org.apache.velocity.runtime.log.Log4JLogChute
2017-06-22 14:10:06,425 - Using logger class org.apache.velocity.runtime.log.Log4JLogChute
2017-06-22 14:10:06,430 - ResourceLoader instantiated: org.apache.velocity.runtime.resource.loader.FileResourceLoader
2017-06-22 14:10:06,432 - Do unicode file recognition:  false
2017-06-22 14:10:06,432 - FileResourceLoader : adding path 'C:/Users/Administrator/Desktop/zheng-master/oil/oil-common/target/classes/template/'
2017-06-22 14:10:06,439 - ResourceCache: initialized (class org.apache.velocity.runtime.resource.ResourceCacheImpl) with class java.util.Collections$SynchronizedMap cache map.
2017-06-22 14:10:06,441 - Loaded System Directive: org.apache.velocity.runtime.directive.Stop
2017-06-22 14:10:06,443 - Loaded System Directive: org.apache.velocity.runtime.directive.Define
2017-06-22 14:10:06,444 - Loaded System Directive: org.apache.velocity.runtime.directive.Break
2017-06-22 14:10:06,445 - Loaded System Directive: org.apache.velocity.runtime.directive.Evaluate
2017-06-22 14:10:06,446 - Loaded System Directive: org.apache.velocity.runtime.directive.Literal
2017-06-22 14:10:06,447 - Loaded System Directive: org.apache.velocity.runtime.directive.Macro
2017-06-22 14:10:06,449 - Loaded System Directive: org.apache.velocity.runtime.directive.Parse
2017-06-22 14:10:06,451 - Loaded System Directive: org.apache.velocity.runtime.directive.Include
2017-06-22 14:10:06,452 - Loaded System Directive: org.apache.velocity.runtime.directive.Foreach
2017-06-22 14:10:06,496 - Created '20' parsers.
2017-06-22 14:10:06,506 - Velocimacro : "velocimacro.library" is not set.  Trying default library: VM_global_library.vm
2017-06-22 14:10:06,506 - Velocimacro : Default library not found.
2017-06-22 14:10:06,506 - Velocimacro : allowInline = true : VMs can be defined inline in templates
2017-06-22 14:10:06,506 - Velocimacro : allowInlineToOverride = false : VMs defined inline may NOT replace previous VM definitions
2017-06-22 14:10:06,506 - Velocimacro : allowInlineLocal = false : VMs defined inline will be global in scope if allowed.
2017-06-22 14:10:06,506 - Velocimacro : autoload off : VM system will not automatically reload global library macros
2017-06-22 14:10:06,526 - ResourceManager : found generatorConfig.vm with loader org.apache.velocity.runtime.resource.loader.FileResourceLoader
2017-06-22 14:10:06,530 - Null reference [template 'generatorConfig.vm', line 49, column 38] : ${generator.jdbc.driver} cannot be resolved.
2017-06-22 14:10:06,530 - Null reference [template 'generatorConfig.vm', line 50, column 40] : ${generator.jdbc.url} cannot be resolved.
2017-06-22 14:10:06,530 - Null reference [template 'generatorConfig.vm', line 51, column 33] : ${generator.jdbc.username} cannot be resolved.
2017-06-22 14:10:06,739 - ResourceManager : found Service.vm with loader org.apache.velocity.runtime.resource.loader.FileResourceLoader
2017-06-22 14:10:06,741 - ResourceManager : found ServiceMock.vm with loader org.apache.velocity.runtime.resource.loader.FileResourceLoader
2017-06-22 14:10:06,743 - ResourceManager : found ServiceImpl.vm with loader org.apache.velocity.runtime.resource.loader.FileResourceLoader
2017-06-22 14:12:25,790 - Log4JLogChute initialized using file 'velocity.log'
2017-06-22 14:12:25,790 - Initializing Velocity, Calling init()...
2017-06-22 14:12:25,791 - Starting Apache Velocity v1.7 (compiled: 2010-11-19 12:14:37)
2017-06-22 14:12:25,791 - Default Properties File: org\apache\velocity\runtime\defaults\velocity.properties
2017-06-22 14:12:25,791 - Trying to use logger class org.apache.velocity.runtime.log.AvalonLogChute
2017-06-22 14:12:25,791 - Target log system for org.apache.velocity.runtime.log.AvalonLogChute is not available (java.lang.NoClassDefFoundError: org/apache/log/format/Formatter).  Falling back to next log system...
2017-06-22 14:12:25,791 - Trying to use logger class org.apache.velocity.runtime.log.Log4JLogChute
2017-06-22 14:12:25,791 - Using logger class org.apache.velocity.runtime.log.Log4JLogChute
2017-06-22 14:12:25,797 - ResourceLoader instantiated: org.apache.velocity.runtime.resource.loader.FileResourceLoader
2017-06-22 14:12:25,798 - Do unicode file recognition:  false
2017-06-22 14:12:25,798 - FileResourceLoader : adding path 'C:/Users/Administrator/Desktop/zheng-master/oil/oil-common/target/classes/template/'
2017-06-22 14:12:25,806 - ResourceCache: initialized (class org.apache.velocity.runtime.resource.ResourceCacheImpl) with class java.util.Collections$SynchronizedMap cache map.
2017-06-22 14:12:25,808 - Loaded System Directive: org.apache.velocity.runtime.directive.Stop
2017-06-22 14:12:25,809 - Loaded System Directive: org.apache.velocity.runtime.directive.Define
2017-06-22 14:12:25,809 - Loaded System Directive: org.apache.velocity.runtime.directive.Break
2017-06-22 14:12:25,811 - Loaded System Directive: org.apache.velocity.runtime.directive.Evaluate
2017-06-22 14:12:25,811 - Loaded System Directive: org.apache.velocity.runtime.directive.Literal
2017-06-22 14:12:25,814 - Loaded System Directive: org.apache.velocity.runtime.directive.Macro
2017-06-22 14:12:25,816 - Loaded System Directive: org.apache.velocity.runtime.directive.Parse
2017-06-22 14:12:25,817 - Loaded System Directive: org.apache.velocity.runtime.directive.Include
2017-06-22 14:12:25,820 - Loaded System Directive: org.apache.velocity.runtime.directive.Foreach
2017-06-22 14:12:26,034 - Created '20' parsers.
2017-06-22 14:12:26,041 - Velocimacro : "velocimacro.library" is not set.  Trying default library: VM_global_library.vm
2017-06-22 14:12:26,041 - Velocimacro : Default library not found.
2017-06-22 14:12:26,041 - Velocimacro : allowInline = true : VMs can be defined inline in templates
2017-06-22 14:12:26,041 - Velocimacro : allowInlineToOverride = false : VMs defined inline may NOT replace previous VM definitions
2017-06-22 14:12:26,042 - Velocimacro : allowInlineLocal = false : VMs defined inline will be global in scope if allowed.
2017-06-22 14:12:26,042 - Velocimacro : autoload off : VM system will not automatically reload global library macros
2017-06-22 14:12:26,060 - ResourceManager : found generatorConfig.vm with loader org.apache.velocity.runtime.resource.loader.FileResourceLoader
2017-06-22 14:12:26,063 - Null reference [template 'generatorConfig.vm', line 49, column 38] : ${generator.jdbc.driver} cannot be resolved.
2017-06-22 14:12:26,064 - Null reference [template 'generatorConfig.vm', line 50, column 40] : ${generator.jdbc.url} cannot be resolved.
2017-06-22 14:12:26,064 - Null reference [template 'generatorConfig.vm', line 51, column 33] : ${generator.jdbc.username} cannot be resolved.
2017-06-22 14:12:26,271 - ResourceManager : found Service.vm with loader org.apache.velocity.runtime.resource.loader.FileResourceLoader
2017-06-22 14:12:26,272 - ResourceManager : found ServiceMock.vm with loader org.apache.velocity.runtime.resource.loader.FileResourceLoader
2017-06-22 14:12:26,274 - ResourceManager : found ServiceImpl.vm with loader org.apache.velocity.runtime.resource.loader.FileResourceLoader
2017-06-22 14:13:45,397 - Log4JLogChute initialized using file 'velocity.log'
2017-06-22 14:13:45,398 - Initializing Velocity, Calling init()...
2017-06-22 14:13:45,398 - Starting Apache Velocity v1.7 (compiled: 2010-11-19 12:14:37)
2017-06-22 14:13:45,398 - Default Properties File: org\apache\velocity\runtime\defaults\velocity.properties
2017-06-22 14:13:45,398 - Trying to use logger class org.apache.velocity.runtime.log.AvalonLogChute
2017-06-22 14:13:45,398 - Target log system for org.apache.velocity.runtime.log.AvalonLogChute is not available (java.lang.NoClassDefFoundError: org/apache/log/format/Formatter).  Falling back to next log system...
2017-06-22 14:13:45,398 - Trying to use logger class org.apache.velocity.runtime.log.Log4JLogChute
2017-06-22 14:13:45,398 - Using logger class org.apache.velocity.runtime.log.Log4JLogChute
2017-06-22 14:13:45,414 - ResourceLoader instantiated: org.apache.velocity.runtime.resource.loader.FileResourceLoader
2017-06-22 14:13:45,417 - Do unicode file recognition:  false
2017-06-22 14:13:45,417 - FileResourceLoader : adding path 'C:/Users/Administrator/Desktop/zheng-master/oil/oil-common/target/classes/template/'
2017-06-22 14:13:45,427 - ResourceCache: initialized (class org.apache.velocity.runtime.resource.ResourceCacheImpl) with class java.util.Collections$SynchronizedMap cache map.
2017-06-22 14:13:45,429 - Loaded System Directive: org.apache.velocity.runtime.directive.Stop
2017-06-22 14:13:45,431 - Loaded System Directive: org.apache.velocity.runtime.directive.Define
2017-06-22 14:13:45,432 - Loaded System Directive: org.apache.velocity.runtime.directive.Break
2017-06-22 14:13:45,433 - Loaded System Directive: org.apache.velocity.runtime.directive.Evaluate
2017-06-22 14:13:45,434 - Loaded System Directive: org.apache.velocity.runtime.directive.Literal
2017-06-22 14:13:45,436 - Loaded System Directive: org.apache.velocity.runtime.directive.Macro
2017-06-22 14:13:45,438 - Loaded System Directive: org.apache.velocity.runtime.directive.Parse
2017-06-22 14:13:45,439 - Loaded System Directive: org.apache.velocity.runtime.directive.Include
2017-06-22 14:13:45,441 - Loaded System Directive: org.apache.velocity.runtime.directive.Foreach
2017-06-22 14:13:45,490 - Created '20' parsers.
2017-06-22 14:13:45,499 - Velocimacro : "velocimacro.library" is not set.  Trying default library: VM_global_library.vm
2017-06-22 14:13:45,499 - Velocimacro : Default library not found.
2017-06-22 14:13:45,499 - Velocimacro : allowInline = true : VMs can be defined inline in templates
2017-06-22 14:13:45,499 - Velocimacro : allowInlineToOverride = false : VMs defined inline may NOT replace previous VM definitions
2017-06-22 14:13:45,499 - Velocimacro : allowInlineLocal = false : VMs defined inline will be global in scope if allowed.
2017-06-22 14:13:45,499 - Velocimacro : autoload off : VM system will not automatically reload global library macros
2017-06-22 14:13:45,522 - ResourceManager : found generatorConfig.vm with loader org.apache.velocity.runtime.resource.loader.FileResourceLoader
2017-06-22 14:13:45,526 - Null reference [template 'generatorConfig.vm', line 49, column 38] : ${generator.jdbc.driver} cannot be resolved.
2017-06-22 14:13:45,526 - Null reference [template 'generatorConfig.vm', line 50, column 40] : ${generator.jdbc.url} cannot be resolved.
2017-06-22 14:13:45,526 - Null reference [template 'generatorConfig.vm', line 51, column 33] : ${generator.jdbc.username} cannot be resolved.
2017-06-22 14:13:46,003 - ResourceManager : found Service.vm with loader org.apache.velocity.runtime.resource.loader.FileResourceLoader
2017-06-22 14:13:46,005 - ResourceManager : found ServiceMock.vm with loader org.apache.velocity.runtime.resource.loader.FileResourceLoader
2017-06-22 14:13:46,007 - ResourceManager : found ServiceImpl.vm with loader org.apache.velocity.runtime.resource.loader.FileResourceLoader
2017-06-22 14:13:46,008 - ResourceManager : found Service.vm with loader org.apache.velocity.runtime.resource.loader.FileResourceLoader
2017-06-22 14:13:46,009 - ResourceManager : found ServiceMock.vm with loader org.apache.velocity.runtime.resource.loader.FileResourceLoader
2017-06-22 14:13:46,011 - ResourceManager : found ServiceImpl.vm with loader org.apache.velocity.runtime.resource.loader.FileResourceLoader
2017-06-22 14:13:46,013 - ResourceManager : found Service.vm with loader org.apache.velocity.runtime.resource.loader.FileResourceLoader
2017-06-22 14:13:46,014 - ResourceManager : found ServiceMock.vm with loader org.apache.velocity.runtime.resource.loader.FileResourceLoader
2017-06-22 14:13:46,016 - ResourceManager : found ServiceImpl.vm with loader org.apache.velocity.runtime.resource.loader.FileResourceLoader
2017-06-22 14:13:46,017 - ResourceManager : found Service.vm with loader org.apache.velocity.runtime.resource.loader.FileResourceLoader
2017-06-22 14:13:46,019 - ResourceManager : found ServiceMock.vm with loader org.apache.velocity.runtime.resource.loader.FileResourceLoader
2017-06-22 14:13:46,020 - ResourceManager : found ServiceImpl.vm with loader org.apache.velocity.runtime.resource.loader.FileResourceLoader
2017-06-22 14:13:46,022 - ResourceManager : found Service.vm with loader org.apache.velocity.runtime.resource.loader.FileResourceLoader
2017-06-22 14:13:46,024 - ResourceManager : found ServiceMock.vm with loader org.apache.velocity.runtime.resource.loader.FileResourceLoader
2017-06-22 14:13:46,026 - ResourceManager : found ServiceImpl.vm with loader org.apache.velocity.runtime.resource.loader.FileResourceLoader
2017-06-22 14:13:46,028 - ResourceManager : found Service.vm with loader org.apache.velocity.runtime.resource.loader.FileResourceLoader
2017-06-22 14:13:46,030 - ResourceManager : found ServiceMock.vm with loader org.apache.velocity.runtime.resource.loader.FileResourceLoader
2017-06-22 14:13:46,032 - ResourceManager : found ServiceImpl.vm with loader org.apache.velocity.runtime.resource.loader.FileResourceLoader
2017-06-22 14:13:46,034 - ResourceManager : found Service.vm with loader org.apache.velocity.runtime.resource.loader.FileResourceLoader
2017-06-22 14:13:46,036 - ResourceManager : found ServiceMock.vm with loader org.apache.velocity.runtime.resource.loader.FileResourceLoader
2017-06-22 14:13:46,038 - ResourceManager : found ServiceImpl.vm with loader org.apache.velocity.runtime.resource.loader.FileResourceLoader
2017-06-22 14:13:46,040 - ResourceManager : found Service.vm with loader org.apache.velocity.runtime.resource.loader.FileResourceLoader
2017-06-22 14:13:46,042 - ResourceManager : found ServiceMock.vm with loader org.apache.velocity.runtime.resource.loader.FileResourceLoader
2017-06-22 14:13:46,044 - ResourceManager : found ServiceImpl.vm with loader org.apache.velocity.runtime.resource.loader.FileResourceLoader
2017-06-23 09:35:14,338 - Log4JLogChute initialized using file 'velocity.log'
2017-06-23 09:35:14,338 - Initializing Velocity, Calling init()...
2017-06-23 09:35:14,338 - Starting Apache Velocity v1.7 (compiled: 2010-11-19 12:14:37)
2017-06-23 09:35:14,338 - Default Properties File: org\apache\velocity\runtime\defaults\velocity.properties
2017-06-23 09:35:14,338 - Trying to use logger class org.apache.velocity.runtime.log.AvalonLogChute
2017-06-23 09:35:14,338 - Target log system for org.apache.velocity.runtime.log.AvalonLogChute is not available (java.lang.NoClassDefFoundError: org/apache/log/format/Formatter).  Falling back to next log system...
2017-06-23 09:35:14,338 - Trying to use logger class org.apache.velocity.runtime.log.Log4JLogChute
2017-06-23 09:35:14,338 - Using logger class org.apache.velocity.runtime.log.Log4JLogChute
2017-06-23 09:35:14,342 - ResourceLoader instantiated: org.apache.velocity.runtime.resource.loader.FileResourceLoader
2017-06-23 09:35:14,343 - Do unicode file recognition:  false
2017-06-23 09:35:14,343 - FileResourceLoader : adding path 'C:/Users/Administrator/Desktop/zheng-master/oil/oil-common/target/classes/template/'
2017-06-23 09:35:14,351 - ResourceCache: initialized (class org.apache.velocity.runtime.resource.ResourceCacheImpl) with class java.util.Collections$SynchronizedMap cache map.
2017-06-23 09:35:14,352 - Loaded System Directive: org.apache.velocity.runtime.directive.Stop
2017-06-23 09:35:14,353 - Loaded System Directive: org.apache.velocity.runtime.directive.Define
2017-06-23 09:35:14,353 - Loaded System Directive: org.apache.velocity.runtime.directive.Break
2017-06-23 09:35:14,354 - Loaded System Directive: org.apache.velocity.runtime.directive.Evaluate
2017-06-23 09:35:14,355 - Loaded System Directive: org.apache.velocity.runtime.directive.Literal
2017-06-23 09:35:14,357 - Loaded System Directive: org.apache.velocity.runtime.directive.Macro
2017-06-23 09:35:14,358 - Loaded System Directive: org.apache.velocity.runtime.directive.Parse
2017-06-23 09:35:14,359 - Loaded System Directive: org.apache.velocity.runtime.directive.Include
2017-06-23 09:35:14,360 - Loaded System Directive: org.apache.velocity.runtime.directive.Foreach
2017-06-23 09:35:14,388 - Created '20' parsers.
2017-06-23 09:35:14,393 - Velocimacro : "velocimacro.library" is not set.  Trying default library: VM_global_library.vm
2017-06-23 09:35:14,393 - Velocimacro : Default library not found.
2017-06-23 09:35:14,393 - Velocimacro : allowInline = true : VMs can be defined inline in templates
2017-06-23 09:35:14,393 - Velocimacro : allowInlineToOverride = false : VMs defined inline may NOT replace previous VM definitions
2017-06-23 09:35:14,393 - Velocimacro : allowInlineLocal = false : VMs defined inline will be global in scope if allowed.
2017-06-23 09:35:14,393 - Velocimacro : autoload off : VM system will not automatically reload global library macros
2017-06-23 09:35:14,404 - ResourceManager : found generatorConfig.vm with loader org.apache.velocity.runtime.resource.loader.FileResourceLoader
2017-06-23 09:35:14,407 - Null reference [template 'generatorConfig.vm', line 49, column 38] : ${generator.jdbc.driver} cannot be resolved.
2017-06-23 09:35:14,407 - Null reference [template 'generatorConfig.vm', line 50, column 40] : ${generator.jdbc.url} cannot be resolved.
2017-06-23 09:35:14,407 - Null reference [template 'generatorConfig.vm', line 51, column 33] : ${generator.jdbc.username} cannot be resolved.
2017-06-26 14:00:54,246 - Log4JLogChute initialized using file 'velocity.log'
2017-06-26 14:00:54,247 - Initializing Velocity, Calling init()...
2017-06-26 14:00:54,247 - Starting Apache Velocity v1.7 (compiled: 2010-11-19 12:14:37)
2017-06-26 14:00:54,247 - Default Properties File: org\apache\velocity\runtime\defaults\velocity.properties
2017-06-26 14:00:54,247 - Trying to use logger class org.apache.velocity.runtime.log.AvalonLogChute
2017-06-26 14:00:54,247 - Target log system for org.apache.velocity.runtime.log.AvalonLogChute is not available (java.lang.NoClassDefFoundError: org/apache/log/format/Formatter).  Falling back to next log system...
2017-06-26 14:00:54,247 - Trying to use logger class org.apache.velocity.runtime.log.Log4JLogChute
2017-06-26 14:00:54,247 - Using logger class org.apache.velocity.runtime.log.Log4JLogChute
2017-06-26 14:00:54,257 - ResourceLoader instantiated: org.apache.velocity.runtime.resource.loader.FileResourceLoader
2017-06-26 14:00:54,259 - Do unicode file recognition:  false
2017-06-26 14:00:54,259 - FileResourceLoader : adding path 'C:/Users/Administrator/Desktop/zheng-master/oil/oil-common/target/classes/template/'
2017-06-26 14:00:54,270 - ResourceCache: initialized (class org.apache.velocity.runtime.resource.ResourceCacheImpl) with class java.util.Collections$SynchronizedMap cache map.
2017-06-26 14:00:54,283 - Loaded System Directive: org.apache.velocity.runtime.directive.Stop
2017-06-26 14:00:54,287 - Loaded System Directive: org.apache.velocity.runtime.directive.Define
2017-06-26 14:00:54,288 - Loaded System Directive: org.apache.velocity.runtime.directive.Break
2017-06-26 14:00:54,289 - Loaded System Directive: org.apache.velocity.runtime.directive.Evaluate
2017-06-26 14:00:54,290 - Loaded System Directive: org.apache.velocity.runtime.directive.Literal
2017-06-26 14:00:54,291 - Loaded System Directive: org.apache.velocity.runtime.directive.Macro
2017-06-26 14:00:54,293 - Loaded System Directive: org.apache.velocity.runtime.directive.Parse
2017-06-26 14:00:54,295 - Loaded System Directive: org.apache.velocity.runtime.directive.Include
2017-06-26 14:00:54,296 - Loaded System Directive: org.apache.velocity.runtime.directive.Foreach
2017-06-26 14:00:54,391 - Created '20' parsers.
2017-06-26 14:00:54,401 - Velocimacro : "velocimacro.library" is not set.  Trying default library: VM_global_library.vm
2017-06-26 14:00:54,401 - Velocimacro : Default library not found.
2017-06-26 14:00:54,401 - Velocimacro : allowInline = true : VMs can be defined inline in templates
2017-06-26 14:00:54,401 - Velocimacro : allowInlineToOverride = false : VMs defined inline may NOT replace previous VM definitions
2017-06-26 14:00:54,401 - Velocimacro : allowInlineLocal = false : VMs defined inline will be global in scope if allowed.
2017-06-26 14:00:54,401 - Velocimacro : autoload off : VM system will not automatically reload global library macros
2017-06-26 14:00:54,422 - ResourceManager : found generatorConfig.vm with loader org.apache.velocity.runtime.resource.loader.FileResourceLoader
2017-06-26 14:00:54,426 - Null reference [template 'generatorConfig.vm', line 49, column 38] : ${generator.jdbc.driver} cannot be resolved.
2017-06-26 14:00:54,426 - Null reference [template 'generatorConfig.vm', line 50, column 40] : ${generator.jdbc.url} cannot be resolved.
2017-06-26 14:00:54,426 - Null reference [template 'generatorConfig.vm', line 51, column 33] : ${generator.jdbc.username} cannot be resolved.
2017-06-26 15:35:16,361 - Log4JLogChute initialized using file 'velocity.log'
2017-06-26 15:35:16,362 - Initializing Velocity, Calling init()...
2017-06-26 15:35:16,362 - Starting Apache Velocity v1.7 (compiled: 2010-11-19 12:14:37)
2017-06-26 15:35:16,362 - Default Properties File: org\apache\velocity\runtime\defaults\velocity.properties
2017-06-26 15:35:16,362 - Trying to use logger class org.apache.velocity.runtime.log.AvalonLogChute
2017-06-26 15:35:16,362 - Target log system for org.apache.velocity.runtime.log.AvalonLogChute is not available (java.lang.NoClassDefFoundError: org/apache/log/format/Formatter).  Falling back to next log system...
2017-06-26 15:35:16,362 - Trying to use logger class org.apache.velocity.runtime.log.Log4JLogChute
2017-06-26 15:35:16,362 - Using logger class org.apache.velocity.runtime.log.Log4JLogChute
2017-06-26 15:35:16,372 - ResourceLoader instantiated: org.apache.velocity.runtime.resource.loader.FileResourceLoader
2017-06-26 15:35:16,373 - Do unicode file recognition:  false
2017-06-26 15:35:16,373 - FileResourceLoader : adding path 'C:/Users/Administrator/Desktop/zheng-master/oil/oil-common/target/classes/template/'
2017-06-26 15:35:16,382 - ResourceCache: initialized (class org.apache.velocity.runtime.resource.ResourceCacheImpl) with class java.util.Collections$SynchronizedMap cache map.
2017-06-26 15:35:16,384 - Loaded System Directive: org.apache.velocity.runtime.directive.Stop
2017-06-26 15:35:16,385 - Loaded System Directive: org.apache.velocity.runtime.directive.Define
2017-06-26 15:35:16,386 - Loaded System Directive: org.apache.velocity.runtime.directive.Break
2017-06-26 15:35:16,387 - Loaded System Directive: org.apache.velocity.runtime.directive.Evaluate
2017-06-26 15:35:16,388 - Loaded System Directive: org.apache.velocity.runtime.directive.Literal
2017-06-26 15:35:16,390 - Loaded System Directive: org.apache.velocity.runtime.directive.Macro
2017-06-26 15:35:16,392 - Loaded System Directive: org.apache.velocity.runtime.directive.Parse
2017-06-26 15:35:16,393 - Loaded System Directive: org.apache.velocity.runtime.directive.Include
2017-06-26 15:35:16,395 - Loaded System Directive: org.apache.velocity.runtime.directive.Foreach
2017-06-26 15:35:16,457 - Created '20' parsers.
2017-06-26 15:35:16,465 - Velocimacro : "velocimacro.library" is not set.  Trying default library: VM_global_library.vm
2017-06-26 15:35:16,465 - Velocimacro : Default library not found.
2017-06-26 15:35:16,465 - Velocimacro : allowInline = true : VMs can be defined inline in templates
2017-06-26 15:35:16,465 - Velocimacro : allowInlineToOverride = false : VMs defined inline may NOT replace previous VM definitions
2017-06-26 15:35:16,465 - Velocimacro : allowInlineLocal = false : VMs defined inline will be global in scope if allowed.
2017-06-26 15:35:16,465 - Velocimacro : autoload off : VM system will not automatically reload global library macros
2017-06-26 15:35:16,488 - ResourceManager : found generatorConfig.vm with loader org.apache.velocity.runtime.resource.loader.FileResourceLoader
2017-06-26 15:35:16,493 - Null reference [template 'generatorConfig.vm', line 49, column 38] : ${generator.jdbc.driver} cannot be resolved.
2017-06-26 15:35:16,493 - Null reference [template 'generatorConfig.vm', line 50, column 40] : ${generator.jdbc.url} cannot be resolved.
2017-06-26 15:35:16,493 - Null reference [template 'generatorConfig.vm', line 51, column 33] : ${generator.jdbc.username} cannot be resolved.
2017-07-13 15:07:46,931 - Log4JLogChute initialized using file 'velocity.log'
2017-07-13 15:07:46,933 - Initializing Velocity, Calling init()...
2017-07-13 15:07:46,934 - Starting Apache Velocity v1.7 (compiled: 2010-11-19 12:14:37)
2017-07-13 15:07:46,934 - Default Properties File: org\apache\velocity\runtime\defaults\velocity.properties
2017-07-13 15:07:46,934 - Trying to use logger class org.apache.velocity.runtime.log.AvalonLogChute
2017-07-13 15:07:46,934 - Target log system for org.apache.velocity.runtime.log.AvalonLogChute is not available (java.lang.NoClassDefFoundError: org/apache/log/format/Formatter).  Falling back to next log system...
2017-07-13 15:07:46,934 - Trying to use logger class org.apache.velocity.runtime.log.Log4JLogChute
2017-07-13 15:07:46,934 - Using logger class org.apache.velocity.runtime.log.Log4JLogChute
2017-07-13 15:07:46,942 - ResourceLoader instantiated: org.apache.velocity.runtime.resource.loader.FileResourceLoader
2017-07-13 15:07:46,944 - Do unicode file recognition:  false
2017-07-13 15:07:46,944 - FileResourceLoader : adding path 'C:/Users/Administrator/Desktop/zheng-master/oil/oil-common/target/classes/template/'
2017-07-13 15:07:46,954 - ResourceCache: initialized (class org.apache.velocity.runtime.resource.ResourceCacheImpl) with class java.util.Collections$SynchronizedMap cache map.
2017-07-13 15:07:46,956 - Loaded System Directive: org.apache.velocity.runtime.directive.Stop
2017-07-13 15:07:46,957 - Loaded System Directive: org.apache.velocity.runtime.directive.Define
2017-07-13 15:07:46,958 - Loaded System Directive: org.apache.velocity.runtime.directive.Break
2017-07-13 15:07:46,959 - Loaded System Directive: org.apache.velocity.runtime.directive.Evaluate
2017-07-13 15:07:46,960 - Loaded System Directive: org.apache.velocity.runtime.directive.Literal
2017-07-13 15:07:46,962 - Loaded System Directive: org.apache.velocity.runtime.directive.Macro
2017-07-13 15:07:46,963 - Loaded System Directive: org.apache.velocity.runtime.directive.Parse
2017-07-13 15:07:46,965 - Loaded System Directive: org.apache.velocity.runtime.directive.Include
2017-07-13 15:07:46,967 - Loaded System Directive: org.apache.velocity.runtime.directive.Foreach
2017-07-13 15:07:47,074 - Created '20' parsers.
2017-07-13 15:07:47,086 - Velocimacro : "velocimacro.library" is not set.  Trying default library: VM_global_library.vm
2017-07-13 15:07:47,086 - Velocimacro : Default library not found.
2017-07-13 15:07:47,086 - Velocimacro : allowInline = true : VMs can be defined inline in templates
2017-07-13 15:07:47,086 - Velocimacro : allowInlineToOverride = false : VMs defined inline may NOT replace previous VM definitions
2017-07-13 15:07:47,086 - Velocimacro : allowInlineLocal = false : VMs defined inline will be global in scope if allowed.
2017-07-13 15:07:47,086 - Velocimacro : autoload off : VM system will not automatically reload global library macros
2017-07-13 15:07:47,108 - ResourceManager : found generatorConfig.vm with loader org.apache.velocity.runtime.resource.loader.FileResourceLoader
2017-07-13 15:07:47,116 - Null reference [template 'generatorConfig.vm', line 49, column 38] : ${generator.jdbc.driver} cannot be resolved.
2017-07-13 15:07:47,116 - Null reference [template 'generatorConfig.vm', line 50, column 40] : ${generator.jdbc.url} cannot be resolved.
2017-07-13 15:07:47,116 - Null reference [template 'generatorConfig.vm', line 51, column 33] : ${generator.jdbc.username} cannot be resolved.
2017-07-13 15:10:39,221 - Log4JLogChute initialized using file 'velocity.log'
2017-07-13 15:10:39,222 - Initializing Velocity, Calling init()...
2017-07-13 15:10:39,222 - Starting Apache Velocity v1.7 (compiled: 2010-11-19 12:14:37)
2017-07-13 15:10:39,222 - Default Properties File: org\apache\velocity\runtime\defaults\velocity.properties
2017-07-13 15:10:39,222 - Trying to use logger class org.apache.velocity.runtime.log.AvalonLogChute
2017-07-13 15:10:39,223 - Target log system for org.apache.velocity.runtime.log.AvalonLogChute is not available (java.lang.NoClassDefFoundError: org/apache/log/format/Formatter).  Falling back to next log system...
2017-07-13 15:10:39,223 - Trying to use logger class org.apache.velocity.runtime.log.Log4JLogChute
2017-07-13 15:10:39,223 - Using logger class org.apache.velocity.runtime.log.Log4JLogChute
2017-07-13 15:10:39,229 - ResourceLoader instantiated: org.apache.velocity.runtime.resource.loader.FileResourceLoader
2017-07-13 15:10:39,232 - Do unicode file recognition:  false
2017-07-13 15:10:39,232 - FileResourceLoader : adding path 'C:/Users/Administrator/Desktop/zheng-master/oil/oil-common/target/classes/template/'
2017-07-13 15:10:39,243 - ResourceCache: initialized (class org.apache.velocity.runtime.resource.ResourceCacheImpl) with class java.util.Collections$SynchronizedMap cache map.
2017-07-13 15:10:39,245 - Loaded System Directive: org.apache.velocity.runtime.directive.Stop
2017-07-13 15:10:39,247 - Loaded System Directive: org.apache.velocity.runtime.directive.Define
2017-07-13 15:10:39,248 - Loaded System Directive: org.apache.velocity.runtime.directive.Break
2017-07-13 15:10:39,249 - Loaded System Directive: org.apache.velocity.runtime.directive.Evaluate
2017-07-13 15:10:39,250 - Loaded System Directive: org.apache.velocity.runtime.directive.Literal
2017-07-13 15:10:39,252 - Loaded System Directive: org.apache.velocity.runtime.directive.Macro
2017-07-13 15:10:39,254 - Loaded System Directive: org.apache.velocity.runtime.directive.Parse
2017-07-13 15:10:39,256 - Loaded System Directive: org.apache.velocity.runtime.directive.Include
2017-07-13 15:10:39,257 - Loaded System Directive: org.apache.velocity.runtime.directive.Foreach
2017-07-13 15:10:39,311 - Created '20' parsers.
2017-07-13 15:10:39,320 - Velocimacro : "velocimacro.library" is not set.  Trying default library: VM_global_library.vm
2017-07-13 15:10:39,320 - Velocimacro : Default library not found.
2017-07-13 15:10:39,320 - Velocimacro : allowInline = true : VMs can be defined inline in templates
2017-07-13 15:10:39,320 - Velocimacro : allowInlineToOverride = false : VMs defined inline may NOT replace previous VM definitions
2017-07-13 15:10:39,320 - Velocimacro : allowInlineLocal = false : VMs defined inline will be global in scope if allowed.
2017-07-13 15:10:39,320 - Velocimacro : autoload off : VM system will not automatically reload global library macros
2017-07-13 15:10:39,342 - ResourceManager : found generatorConfig.vm with loader org.apache.velocity.runtime.resource.loader.FileResourceLoader
2017-07-13 15:10:39,346 - Null reference [template 'generatorConfig.vm', line 49, column 38] : ${generator.jdbc.driver} cannot be resolved.
2017-07-13 15:10:39,346 - Null reference [template 'generatorConfig.vm', line 50, column 40] : ${generator.jdbc.url} cannot be resolved.
2017-07-13 15:10:39,346 - Null reference [template 'generatorConfig.vm', line 51, column 33] : ${generator.jdbc.username} cannot be resolved.
2017-07-13 15:12:44,779 - Log4JLogChute initialized using file 'velocity.log'
2017-07-13 15:12:44,779 - Initializing Velocity, Calling init()...
2017-07-13 15:12:44,779 - Starting Apache Velocity v1.7 (compiled: 2010-11-19 12:14:37)
2017-07-13 15:12:44,779 - Default Properties File: org\apache\velocity\runtime\defaults\velocity.properties
2017-07-13 15:12:44,779 - Trying to use logger class org.apache.velocity.runtime.log.AvalonLogChute
2017-07-13 15:12:44,779 - Target log system for org.apache.velocity.runtime.log.AvalonLogChute is not available (java.lang.NoClassDefFoundError: org/apache/log/format/Formatter).  Falling back to next log system...
2017-07-13 15:12:44,781 - Trying to use logger class org.apache.velocity.runtime.log.Log4JLogChute
2017-07-13 15:12:44,781 - Using logger class org.apache.velocity.runtime.log.Log4JLogChute
2017-07-13 15:12:44,787 - ResourceLoader instantiated: org.apache.velocity.runtime.resource.loader.FileResourceLoader
2017-07-13 15:12:44,788 - Do unicode file recognition:  false
2017-07-13 15:12:44,788 - FileResourceLoader : adding path 'C:/Users/Administrator/Desktop/zheng-master/oil/oil-common/target/classes/template/'
2017-07-13 15:12:44,798 - ResourceCache: initialized (class org.apache.velocity.runtime.resource.ResourceCacheImpl) with class java.util.Collections$SynchronizedMap cache map.
2017-07-13 15:12:44,799 - Loaded System Directive: org.apache.velocity.runtime.directive.Stop
2017-07-13 15:12:44,801 - Loaded System Directive: org.apache.velocity.runtime.directive.Define
2017-07-13 15:12:44,802 - Loaded System Directive: org.apache.velocity.runtime.directive.Break
2017-07-13 15:12:44,803 - Loaded System Directive: org.apache.velocity.runtime.directive.Evaluate
2017-07-13 15:12:44,804 - Loaded System Directive: org.apache.velocity.runtime.directive.Literal
2017-07-13 15:12:44,806 - Loaded System Directive: org.apache.velocity.runtime.directive.Macro
2017-07-13 15:12:44,808 - Loaded System Directive: org.apache.velocity.runtime.directive.Parse
2017-07-13 15:12:44,809 - Loaded System Directive: org.apache.velocity.runtime.directive.Include
2017-07-13 15:12:44,811 - Loaded System Directive: org.apache.velocity.runtime.directive.Foreach
2017-07-13 15:12:44,866 - Created '20' parsers.
2017-07-13 15:12:44,874 - Velocimacro : "velocimacro.library" is not set.  Trying default library: VM_global_library.vm
2017-07-13 15:12:44,874 - Velocimacro : Default library not found.
2017-07-13 15:12:44,874 - Velocimacro : allowInline = true : VMs can be defined inline in templates
2017-07-13 15:12:44,874 - Velocimacro : allowInlineToOverride = false : VMs defined inline may NOT replace previous VM definitions
2017-07-13 15:12:44,874 - Velocimacro : allowInlineLocal = false : VMs defined inline will be global in scope if allowed.
2017-07-13 15:12:44,874 - Velocimacro : autoload off : VM system will not automatically reload global library macros
2017-07-13 15:12:44,894 - ResourceManager : found generatorConfig.vm with loader org.apache.velocity.runtime.resource.loader.FileResourceLoader
2017-07-13 15:12:44,898 - Null reference [template 'generatorConfig.vm', line 49, column 38] : ${generator.jdbc.driver} cannot be resolved.
2017-07-13 15:12:44,898 - Null reference [template 'generatorConfig.vm', line 50, column 40] : ${generator.jdbc.url} cannot be resolved.
2017-07-13 15:12:44,898 - Null reference [template 'generatorConfig.vm', line 51, column 33] : ${generator.jdbc.username} cannot be resolved.
